-------------------------------------------------------------------------------
Test set: testRunner.TestRun
-------------------------------------------------------------------------------
Tests run: 2, Failures: 1, Errors: 0, Skipped: 0, Time elapsed: 38.045 s <<< FAILURE! - in testRunner.TestRun
runScenario(testRunner.TestRun)  Time elapsed: 15.712 s  <<< FAILURE!
java.lang.AssertionError: ValidarDirecionamentoParaElementsPage -> Falha ao visualizar a p√°gina Elements

