<?xml version="1.0" encoding="UTF-8"?>
<testng-results total="1" passed="0" failed="1" skipped="0">
  <reporter-output>
  </reporter-output>
  <suite started-at="2022-11-13T14:09:18Z" name="Surefire suite" finished-at="2022-11-13T14:09:23Z" duration-ms="4508">
    <groups>
      <group name="cucumber">
        <method signature="AbstractTestNGCucumberTests.runScenario(io.cucumber.testng.PickleWrapper, io.cucumber.testng.FeatureWrapper)[pri:0, instance:testRunner.TestRun@6e20b53a]" name="runScenario" class="io.cucumber.testng.AbstractTestNGCucumberTests"/>
      </group> <!-- cucumber -->
    </groups>
    <test started-at="2022-11-13T14:09:18Z" name="Surefire test" finished-at="2022-11-13T14:09:23Z" duration-ms="4508">
      <class name="testRunner.TestRun">
        <test-method is-config="true" signature="setUpClass()[pri:0, instance:testRunner.TestRun@6e20b53a]" started-at="2022-11-13T11:09:18Z" name="setUpClass" finished-at="2022-11-13T11:09:19Z" duration-ms="387" status="PASS">
          <reporter-output>
          </reporter-output>
        </test-method> <!-- setUpClass -->
        <test-method signature="runScenario(io.cucumber.testng.PickleWrapper, io.cucumber.testng.FeatureWrapper)[pri:0, instance:testRunner.TestRun@6e20b53a]" started-at="2022-11-13T11:09:19Z" name="runScenario" description="Runs Cucumber Scenarios" data-provider="scenarios" finished-at="2022-11-13T11:09:19Z" duration-ms="259" status="FAIL">
          <params>
            <param index="0">
              <value>
                <![CDATA["Validar o acesso ao site"]]>
              </value>
            </param>
            <param index="1">
              <value>
                <![CDATA["Optional[AcessarSite]"]]>
              </value>
            </param>
          </params>
          <exception class="java.lang.IllegalStateException">
            <message>
              <![CDATA[The driver executable does not exist: /Users/leonardomincola/Documents/QA tools/src/webdriver/chromedriver]]>
            </message>
            <full-stacktrace>
              <![CDATA[java.lang.IllegalStateException: The driver executable does not exist: /Users/leonardomincola/Documents/QA tools/src/webdriver/chromedriver
	at com.google.common.base.Preconditions.checkState(Preconditions.java:534)
	at org.openqa.selenium.remote.service.DriverService.checkExecutable(DriverService.java:136)
	at org.openqa.selenium.remote.service.DriverService.findExecutable(DriverService.java:131)
	at org.openqa.selenium.chrome.ChromeDriverService.access$000(ChromeDriverService.java:32)
	at org.openqa.selenium.chrome.ChromeDriverService$Builder.findDefaultExecutable(ChromeDriverService.java:137)
	at org.openqa.selenium.remote.service.DriverService$Builder.build(DriverService.java:329)
	at org.openqa.selenium.chrome.ChromeDriverService.createDefaultService(ChromeDriverService.java:88)
	at org.openqa.selenium.chrome.ChromeDriver.<init>(ChromeDriver.java:157)
	at utils.ClassDriver.StartDriver(ClassDriver.java:52)
	at testActions.NavegarActions.acessarSite(NavegarActions.java:26)
	at stepDefinitions.AcessarSiteSteps.acesso_o_portal(AcessarSiteSteps.java:16)
	at ✽.Acesso o portal "https://demoqa.com/"(file:///Users/leonardomincola/Documents/QA%20tools/SeleniumJavaCucumber/features/AcessarSite.feature:4)
]]>
            </full-stacktrace>
          </exception> <!-- java.lang.IllegalStateException -->
          <reporter-output>
          </reporter-output>
        </test-method> <!-- runScenario -->
        <test-method is-config="true" signature="tearDownClass()[pri:0, instance:testRunner.TestRun@6e20b53a]" started-at="2022-11-13T11:09:19Z" name="tearDownClass" finished-at="2022-11-13T11:09:23Z" duration-ms="3848" status="PASS">
          <reporter-output>
          </reporter-output>
        </test-method> <!-- tearDownClass -->
      </class> <!-- testRunner.TestRun -->
    </test> <!-- Surefire test -->
  </suite> <!-- Surefire suite -->
</testng-results>
